Copyright 1986-2019 Xilinx, Inc. All Rights Reserved.
---------------------------------------------------------------------------------------------------------------------------------
| Tool Version : Vivado v.2019.2 (lin64) Build 2708876 Wed Nov  6 21:39:14 MST 2019
| Date         : Fri Dec 17 21:36:46 2021
| Host         : tennin running 64-bit Debian GNU/Linux 11 (bullseye)
| Command      : report_timing_summary -file /home/li/bambuhls/HLS_output//Synthesis/vivado_flow_6/post_place_timing_summary.rpt
| Design       : myproject
| Device       : 7z020-clg484
| Speed File   : -1  PRODUCTION 1.11 2014-09-11
---------------------------------------------------------------------------------------------------------------------------------

Timing Summary Report

------------------------------------------------------------------------------------------------
| Timer Settings
| --------------
------------------------------------------------------------------------------------------------

  Enable Multi Corner Analysis               :  Yes
  Enable Pessimism Removal                   :  Yes
  Pessimism Removal Resolution               :  Nearest Common Node
  Enable Input Delay Default Clock           :  No
  Enable Preset / Clear Arcs                 :  No
  Disable Flight Delays                      :  No
  Ignore I/O Paths                           :  No
  Timing Early Launch at Borrowing Latches   :  No
  Borrow Time for Max Delay Exceptions       :  Yes
  Merge Timing Exceptions                    :  Yes

  Corner  Analyze    Analyze    
  Name    Max Paths  Min Paths  
  ------  ---------  ---------  
  Slow    Yes        Yes        
  Fast    Yes        Yes        



check_timing report

Table of Contents
-----------------
1. checking no_clock
2. checking constant_clock
3. checking pulse_width_clock
4. checking unconstrained_internal_endpoints
5. checking no_input_delay
6. checking no_output_delay
7. checking multiple_clock
8. checking generated_clocks
9. checking loops
10. checking partial_input_delay
11. checking partial_output_delay
12. checking latch_loops

1. checking no_clock
--------------------
 There are 0 register/latch pins with no clock.


2. checking constant_clock
--------------------------
 There are 0 register/latch pins with constant_clock.


3. checking pulse_width_clock
-----------------------------
 There are 0 register/latch pins which need pulse_width check


4. checking unconstrained_internal_endpoints
--------------------------------------------
 There are 0 pins that are not constrained for maximum delay.

 There are 0 pins that are not constrained for maximum delay due to constant clock.


5. checking no_input_delay
--------------------------
 There are 0 input ports with no input delay specified.

 There are 0 input ports with no input delay but user has a false path constraint.


6. checking no_output_delay
---------------------------
 There are 0 ports with no output delay specified.

 There are 0 ports with no output delay but user has a false path constraint

 There are 0 ports with no output delay but with a timing clock defined on it or propagating through it


7. checking multiple_clock
--------------------------
 There are 0 register/latch pins with multiple clocks.


8. checking generated_clocks
----------------------------
 There are 0 generated clocks that are not connected to a clock source.


9. checking loops
-----------------
 There are 0 combinational loops in the design.


10. checking partial_input_delay
--------------------------------
 There are 34 input ports with partial input delay specified. (HIGH)


11. checking partial_output_delay
---------------------------------
 There are 0 ports with partial output delay specified.


12. checking latch_loops
------------------------
 There are 0 combinational latch loops in the design through latch input



------------------------------------------------------------------------------------------------
| Design Timing Summary
| ---------------------
------------------------------------------------------------------------------------------------

    WNS(ns)      TNS(ns)  TNS Failing Endpoints  TNS Total Endpoints      WHS(ns)      THS(ns)  THS Failing Endpoints  THS Total Endpoints     WPWS(ns)     TPWS(ns)  TPWS Failing Endpoints  TPWS Total Endpoints  
    -------      -------  ---------------------  -------------------      -------      -------  ---------------------  -------------------     --------     --------  ----------------------  --------------------  
     -2.546     -103.328                     48                  722        0.229        0.000                      0                  592        4.500        0.000                       0                   225  


Timing constraints are not met.


------------------------------------------------------------------------------------------------
| Clock Summary
| -------------
------------------------------------------------------------------------------------------------

Clock  Waveform(ns)       Period(ns)      Frequency(MHz)
-----  ------------       ----------      --------------
clock  {0.000 5.000}      10.000          100.000         


------------------------------------------------------------------------------------------------
| Intra Clock Table
| -----------------
------------------------------------------------------------------------------------------------

Clock             WNS(ns)      TNS(ns)  TNS Failing Endpoints  TNS Total Endpoints      WHS(ns)      THS(ns)  THS Failing Endpoints  THS Total Endpoints     WPWS(ns)     TPWS(ns)  TPWS Failing Endpoints  TPWS Total Endpoints  
-----             -------      -------  ---------------------  -------------------      -------      -------  ---------------------  -------------------     --------     --------  ----------------------  --------------------  
clock               2.982        0.000                      0                  592        0.229        0.000                      0                  592        4.500        0.000                       0                   225  


------------------------------------------------------------------------------------------------
| Inter Clock Table
| -----------------
------------------------------------------------------------------------------------------------

From Clock        To Clock              WNS(ns)      TNS(ns)  TNS Failing Endpoints  TNS Total Endpoints      WHS(ns)      THS(ns)  THS Failing Endpoints  THS Total Endpoints  
----------        --------              -------      -------  ---------------------  -------------------      -------      -------  ---------------------  -------------------  
input port clock  clock                   8.612        0.000                      0                  149                                                                        


------------------------------------------------------------------------------------------------
| Other Path Groups Table
| -----------------------
------------------------------------------------------------------------------------------------

Path Group        From Clock        To Clock              WNS(ns)      TNS(ns)  TNS Failing Endpoints  TNS Total Endpoints      WHS(ns)      THS(ns)  THS Failing Endpoints  THS Total Endpoints  
----------        ----------        --------              -------      -------  ---------------------  -------------------      -------      -------  ---------------------  -------------------  
**default**       clock                                    -2.546     -103.328                     48                   48                                                                        
**default**       input port clock                          2.626        0.000                      0                    2                                                                        


------------------------------------------------------------------------------------------------
| Timing Details
| --------------
------------------------------------------------------------------------------------------------


---------------------------------------------------------------------------------------------------
From Clock:  clock
  To Clock:  clock

Setup :            0  Failing Endpoints,  Worst Slack        2.982ns,  Total Violation        0.000ns
Hold  :            0  Failing Endpoints,  Worst Slack        0.229ns,  Total Violation        0.000ns
PW    :            0  Failing Endpoints,  Worst Slack        4.500ns,  Total Violation        0.000ns
---------------------------------------------------------------------------------------------------


Max Delay Paths
--------------------------------------------------------------------------------------
Slack (MET) :             2.982ns  (required time - arrival time)
  Source:                 _myproject_i0/Datapath_i/fu_myproject_422558_422675/m1/out1/CLK
                            (rising edge-triggered cell DSP48E1 clocked by clock  {rise@0.000ns fall@5.000ns period=10.000ns})
  Destination:            _myproject_i0/Datapath_i/array_423023_0/ARRAY_1D_STD_BRAM_NN_instance/multiple_elements.memory_reg/DIADI[25]
                            (rising edge-triggered cell RAMB36E1 clocked by clock  {rise@0.000ns fall@5.000ns period=10.000ns})
  Path Group:             clock
  Path Type:              Setup (Max at Slow Process Corner)
  Requirement:            10.000ns  (clock rise@10.000ns - clock rise@0.000ns)
  Data Path Delay:        6.398ns  (logic 4.165ns (65.098%)  route 2.233ns (34.902%))
  Logic Levels:           1  (LUT3=1)
  Clock Path Skew:        -0.113ns (DCD - SCD + CPR)
    Destination Clock Delay (DCD):    4.636ns = ( 14.636 - 10.000 ) 
    Source Clock Delay      (SCD):    5.117ns
    Clock Pessimism Removal (CPR):    0.369ns
  Clock Uncertainty:      0.035ns  ((TSJ^2 + TIJ^2)^1/2 + DJ) / 2 + PE
    Total System Jitter     (TSJ):    0.071ns
    Total Input Jitter      (TIJ):    0.000ns
    Discrete Jitter          (DJ):    0.000ns
    Phase Error              (PE):    0.000ns

    Location             Delay type                Incr(ns)  Path(ns)    Netlist Resource(s)
  -------------------------------------------------------------------    -------------------
                         (clock clock rise edge)      0.000     0.000 r  
    K19                                               0.000     0.000 r  clock (IN)
                         net (fo=0)                   0.000     0.000    clock
    K19                  IBUF (Prop_ibuf_I_O)         0.938     0.938 r  clock_IBUF_inst/O
                         net (fo=1, estimated)        2.205     3.143    clock_IBUF
    BUFGCTRL_X0Y16       BUFG (Prop_bufg_I_O)         0.101     3.244 r  clock_IBUF_BUFG_inst/O
                         net (fo=226, estimated)      1.874     5.117    _myproject_i0/Datapath_i/fu_myproject_422558_422675/m1/CLK
    DSP48_X4Y23          DSP48E1                                      r  _myproject_i0/Datapath_i/fu_myproject_422558_422675/m1/out1/CLK
  -------------------------------------------------------------------    -------------------
    DSP48_X4Y23          DSP48E1 (Prop_dsp48e1_CLK_P[25])
                                                      4.009     9.126 r  _myproject_i0/Datapath_i/fu_myproject_422558_422675/m1/out1/P[25]
                         net (fo=1, estimated)        1.303    10.429    _myproject_i0/Datapath_i/MUX_4_ARRAY_1D_STD_BRAM_NN_SDS_1_i1_0_0_0/P[15]
    SLICE_X102Y60        LUT3 (Prop_lut3_I0_O)        0.156    10.585 r  _myproject_i0/Datapath_i/MUX_4_ARRAY_1D_STD_BRAM_NN_SDS_1_i1_0_0_0/multiple_elements.memory_reg_i_7/O
                         net (fo=17, estimated)       0.930    11.515    _myproject_i0/Datapath_i/array_423023_0/ARRAY_1D_STD_BRAM_NN_instance/DIADI[15]
    RAMB36_X5Y12         RAMB36E1                                     r  _myproject_i0/Datapath_i/array_423023_0/ARRAY_1D_STD_BRAM_NN_instance/multiple_elements.memory_reg/DIADI[25]
  -------------------------------------------------------------------    -------------------

                         (clock clock rise edge)     10.000    10.000 r  
    K19                                               0.000    10.000 r  clock (IN)
                         net (fo=0)                   0.000    10.000    clock
    K19                  IBUF (Prop_ibuf_I_O)         0.804    10.804 r  clock_IBUF_inst/O
                         net (fo=1, estimated)        2.095    12.899    clock_IBUF
    BUFGCTRL_X0Y16       BUFG (Prop_bufg_I_O)         0.091    12.990 r  clock_IBUF_BUFG_inst/O
                         net (fo=226, estimated)      1.645    14.636    _myproject_i0/Datapath_i/array_423023_0/ARRAY_1D_STD_BRAM_NN_instance/CLK
    RAMB36_X5Y12         RAMB36E1                                     r  _myproject_i0/Datapath_i/array_423023_0/ARRAY_1D_STD_BRAM_NN_instance/multiple_elements.memory_reg/CLKARDCLK
                         clock pessimism              0.369    15.004    
                         clock uncertainty           -0.035    14.969    
    RAMB36_X5Y12         RAMB36E1 (Setup_ramb36e1_CLKARDCLK_DIADI[25])
                                                     -0.472    14.497    _myproject_i0/Datapath_i/array_423023_0/ARRAY_1D_STD_BRAM_NN_instance/multiple_elements.memory_reg
  -------------------------------------------------------------------
                         required time                         14.497    
                         arrival time                         -11.515    
  -------------------------------------------------------------------
                         slack                                  2.982    





Min Delay Paths
--------------------------------------------------------------------------------------
Slack (MET) :             0.229ns  (arrival time - required time)
  Source:                 _myproject_i0/Datapath_i/reg_1/reg_out1_reg[4]/C
                            (rising edge-triggered cell FDRE clocked by clock  {rise@0.000ns fall@5.000ns period=10.000ns})
  Destination:            _myproject_i0/Datapath_i/reg_9/reg_out1_reg[4]/D
                            (rising edge-triggered cell FDRE clocked by clock  {rise@0.000ns fall@5.000ns period=10.000ns})
  Path Group:             clock
  Path Type:              Hold (Min at Fast Process Corner)
  Requirement:            0.000ns  (clock rise@0.000ns - clock rise@0.000ns)
  Data Path Delay:        0.345ns  (logic 0.279ns (80.828%)  route 0.066ns (19.172%))
  Logic Levels:           2  (CARRY4=1 LUT2=1)
  Clock Path Skew:        0.014ns (DCD - SCD - CPR)
    Destination Clock Delay (DCD):    2.265ns
    Source Clock Delay      (SCD):    1.753ns
    Clock Pessimism Removal (CPR):    0.498ns

    Location             Delay type                Incr(ns)  Path(ns)    Netlist Resource(s)
  -------------------------------------------------------------------    -------------------
                         (clock clock rise edge)      0.000     0.000 r  
    K19                                               0.000     0.000 r  clock (IN)
                         net (fo=0)                   0.000     0.000    clock
    K19                  IBUF (Prop_ibuf_I_O)         0.167     0.167 r  clock_IBUF_inst/O
                         net (fo=1, estimated)        0.929     1.096    clock_IBUF
    BUFGCTRL_X0Y16       BUFG (Prop_bufg_I_O)         0.026     1.122 r  clock_IBUF_BUFG_inst/O
                         net (fo=226, estimated)      0.631     1.753    _myproject_i0/Datapath_i/reg_1/CLK
    SLICE_X112Y65        FDRE                                         r  _myproject_i0/Datapath_i/reg_1/reg_out1_reg[4]/C
  -------------------------------------------------------------------    -------------------
    SLICE_X112Y65        FDRE (Prop_fdre_C_Q)         0.164     1.917 r  _myproject_i0/Datapath_i/reg_1/reg_out1_reg[4]/Q
                         net (fo=1, estimated)        0.066     1.983    _myproject_i0/Datapath_i/array_423023_0/ARRAY_1D_STD_BRAM_NN_instance/reg_out1_reg[31]_1[4]
    SLICE_X113Y65        LUT2 (Prop_lut2_I1_O)        0.045     2.028 r  _myproject_i0/Datapath_i/array_423023_0/ARRAY_1D_STD_BRAM_NN_instance/out1_carry__0_i_4__2/O
                         net (fo=1, routed)           0.000     2.028    _myproject_i0/Datapath_i/fu_myproject_422558_423155/reg_out1_reg[7][0]
    SLICE_X113Y65        CARRY4 (Prop_carry4_S[0]_O[0])
                                                      0.070     2.098 r  _myproject_i0/Datapath_i/fu_myproject_422558_423155/out1_carry__0/O[0]
                         net (fo=2, routed)           0.000     2.098    _myproject_i0/Datapath_i/reg_9/D[4]
    SLICE_X113Y65        FDRE                                         r  _myproject_i0/Datapath_i/reg_9/reg_out1_reg[4]/D
  -------------------------------------------------------------------    -------------------

                         (clock clock rise edge)      0.000     0.000 r  
    K19                                               0.000     0.000 r  clock (IN)
                         net (fo=0)                   0.000     0.000    clock
    K19                  IBUF (Prop_ibuf_I_O)         0.355     0.355 r  clock_IBUF_inst/O
                         net (fo=1, estimated)        0.978     1.334    clock_IBUF
    BUFGCTRL_X0Y16       BUFG (Prop_bufg_I_O)         0.029     1.363 r  clock_IBUF_BUFG_inst/O
                         net (fo=226, estimated)      0.902     2.265    _myproject_i0/Datapath_i/reg_9/CLK
    SLICE_X113Y65        FDRE                                         r  _myproject_i0/Datapath_i/reg_9/reg_out1_reg[4]/C
                         clock pessimism             -0.498     1.767    
    SLICE_X113Y65        FDRE (Hold_fdre_C_D)         0.102     1.869    _myproject_i0/Datapath_i/reg_9/reg_out1_reg[4]
  -------------------------------------------------------------------
                         required time                         -1.869    
                         arrival time                           2.098    
  -------------------------------------------------------------------
                         slack                                  0.229    





Pulse Width Checks
--------------------------------------------------------------------------------------
Clock Name:         clock
Waveform(ns):       { 0.000 5.000 }
Period(ns):         10.000
Sources:            { clock }

Check Type        Corner  Lib Pin      Reference Pin  Required(ns)  Actual(ns)  Slack(ns)  Location       Pin
Min Period        n/a     DSP48E1/CLK  n/a            3.884         10.000      6.116      DSP48_X4Y24    _myproject_i0/Datapath_i/fu_myproject_422558_422686/m1/out1/CLK
Low Pulse Width   Slow    FDSE/C       n/a            0.500         5.000       4.500      SLICE_X110Y69  _myproject_i0/Controller_i/_present_state_reg[4]/C
High Pulse Width  Slow    FDRE/C       n/a            0.500         5.000       4.500      SLICE_X110Y68  _myproject_i0/Controller_i/_present_state_reg[1]/C



---------------------------------------------------------------------------------------------------
From Clock:  input port clock
  To Clock:  clock

Setup :            0  Failing Endpoints,  Worst Slack        8.612ns,  Total Violation        0.000ns
Hold  :           NA  Failing Endpoints,  Worst Slack           NA  ,  Total Violation           NA
---------------------------------------------------------------------------------------------------


Max Delay Paths
--------------------------------------------------------------------------------------
Slack (MET) :             8.612ns  (required time - arrival time)
  Source:                 start_port
                            (input port)
  Destination:            _myproject_i0/Datapath_i/reg_7/reg_out1_reg[3]/D
                            (rising edge-triggered cell FDRE clocked by clock  {rise@0.000ns fall@5.000ns period=10.000ns})
  Path Group:             clock
  Path Type:              Setup (Max at Slow Process Corner)
  Requirement:            10.000ns  (MaxDelay Path 10.000ns)
  Data Path Delay:        5.757ns  (logic 1.203ns (20.900%)  route 4.554ns (79.100%))
  Logic Levels:           3  (IBUF=1 LUT2=1 LUT6=1)
  Clock Path Skew:        4.663ns (DCD - SCD + CPR)
    Destination Clock Delay (DCD):    4.663ns
    Source Clock Delay      (SCD):    0.000ns
    Clock Pessimism Removal (CPR):    0.000ns
  Clock Uncertainty:      0.025ns  ((TSJ^2 + TIJ^2)^1/2 + DJ) / 2 + PE
    Total System Jitter     (TSJ):    0.050ns
    Total Input Jitter      (TIJ):    0.000ns
    Discrete Jitter          (DJ):    0.000ns
    Phase Error              (PE):    0.000ns
  Timing Exception:       MaxDelay Path 10.000ns

    Location             Delay type                Incr(ns)  Path(ns)    Netlist Resource(s)
  -------------------------------------------------------------------    -------------------
    K15                                               0.000     0.000 r  start_port (IN)
                         net (fo=0)                   0.000     0.000    start_port
    K15                  IBUF (Prop_ibuf_I_O)         0.961     0.961 r  start_port_IBUF_inst/O
                         net (fo=2, estimated)        1.729     2.690    _myproject_i0/Controller_i/start_port_IBUF
    SLICE_X113Y82        LUT6 (Prop_lut6_I2_O)        0.124     2.814 r  _myproject_i0/Controller_i/const_size_in_1_vld_OBUF_inst_i_1/O
                         net (fo=37, estimated)       1.492     4.306    _myproject_i0/Controller_i/_present_state_reg[4]_0
    SLICE_X113Y57        LUT2 (Prop_lut2_I0_O)        0.118     4.424 r  _myproject_i0/Controller_i/reg_out1[3]_i_1/O
                         net (fo=1, estimated)        1.333     5.757    _myproject_i0/Datapath_i/reg_7/reg_out1_reg[3]_0
    SLICE_X113Y78        FDRE                                         r  _myproject_i0/Datapath_i/reg_7/reg_out1_reg[3]/D
  -------------------------------------------------------------------    -------------------

                         max delay                   10.000    10.000    
    K19                                               0.000    10.000 r  clock (IN)
                         net (fo=0)                   0.000    10.000    clock
    K19                  IBUF (Prop_ibuf_I_O)         0.804    10.804 r  clock_IBUF_inst/O
                         net (fo=1, estimated)        2.095    12.899    clock_IBUF
    BUFGCTRL_X0Y16       BUFG (Prop_bufg_I_O)         0.091    12.990 r  clock_IBUF_BUFG_inst/O
                         net (fo=226, estimated)      1.673    14.663    _myproject_i0/Datapath_i/reg_7/CLK
    SLICE_X113Y78        FDRE                                         r  _myproject_i0/Datapath_i/reg_7/reg_out1_reg[3]/C
                         clock pessimism              0.000    14.663    
                         clock uncertainty           -0.025    14.638    
    SLICE_X113Y78        FDRE (Setup_fdre_C_D)       -0.269    14.369    _myproject_i0/Datapath_i/reg_7/reg_out1_reg[3]
  -------------------------------------------------------------------
                         required time                         14.369    
                         arrival time                          -5.757    
  -------------------------------------------------------------------
                         slack                                  8.612    





---------------------------------------------------------------------------------------------------
Path Group:  **default**
From Clock:  clock
  To Clock:  

Setup :           48  Failing Endpoints,  Worst Slack       -2.546ns,  Total Violation     -103.328ns
Hold  :           NA  Failing Endpoints,  Worst Slack           NA  ,  Total Violation           NA
---------------------------------------------------------------------------------------------------


Max Delay Paths
--------------------------------------------------------------------------------------
Slack (VIOLATED) :        -2.546ns  (required time - arrival time)
  Source:                 _myproject_i0/Controller_i/_present_state_reg[10]/C
                            (rising edge-triggered cell FDRE clocked by clock  {rise@0.000ns fall@5.000ns period=10.000ns})
  Destination:            dense_input_address0[0]
  Path Group:             **default**
  Path Type:              Max at Slow Process Corner
  Requirement:            10.000ns  (MaxDelay Path 10.000ns)
  Data Path Delay:        7.450ns  (logic 3.452ns (46.334%)  route 3.998ns (53.666%))
  Logic Levels:           4  (LUT2=1 LUT3=1 LUT6=1 OBUF=1)
  Output Delay:           0.000ns
  Clock Path Skew:        -5.096ns (DCD - SCD + CPR)
    Destination Clock Delay (DCD):    0.000ns
    Source Clock Delay      (SCD):    5.096ns
    Clock Pessimism Removal (CPR):    0.000ns
  Timing Exception:       MaxDelay Path 10.000ns

    Location             Delay type                Incr(ns)  Path(ns)    Netlist Resource(s)
  -------------------------------------------------------------------    -------------------
                         (clock clock rise edge)      0.000     0.000 r  
    K19                                               0.000     0.000 r  clock (IN)
                         net (fo=0)                   0.000     0.000    clock
    K19                  IBUF (Prop_ibuf_I_O)         0.938     0.938 r  clock_IBUF_inst/O
                         net (fo=1, estimated)        2.205     3.143    clock_IBUF
    BUFGCTRL_X0Y16       BUFG (Prop_bufg_I_O)         0.101     3.244 r  clock_IBUF_BUFG_inst/O
                         net (fo=226, estimated)      1.852     5.096    _myproject_i0/Controller_i/CLK
    SLICE_X110Y70        FDRE                                         r  _myproject_i0/Controller_i/_present_state_reg[10]/C
  -------------------------------------------------------------------    -------------------
    SLICE_X110Y70        FDRE (Prop_fdre_C_Q)         0.456     5.552 r  _myproject_i0/Controller_i/_present_state_reg[10]/Q
                         net (fo=8, estimated)        0.475     6.027    _myproject_i0/Controller_i/_present_state[10]
    SLICE_X111Y70        LUT3 (Prop_lut3_I0_O)        0.124     6.151 r  _myproject_i0/Controller_i/dense_input_ce0_OBUF_inst_i_2/O
                         net (fo=8, estimated)        0.442     6.593    _myproject_i0/Controller_i/dense_input_ce0_OBUF_inst_i_2_n_0
    SLICE_X111Y70        LUT6 (Prop_lut6_I3_O)        0.124     6.717 f  _myproject_i0/Controller_i/dense_input_ce0_OBUF_inst_i_1/O
                         net (fo=13, estimated)       1.045     7.762    _myproject_i0/Datapath_i/reg_11/dense_input_address0[0]
    SLICE_X110Y45        LUT2 (Prop_lut2_I1_O)        0.124     7.886 r  _myproject_i0/Datapath_i/reg_11/dense_input_address0_OBUF[0]_inst_i_1/O
                         net (fo=1, estimated)        2.036     9.922    dense_input_address0_OBUF[0]
    Y20                  OBUF (Prop_obuf_I_O)         2.624    12.546 r  dense_input_address0_OBUF[0]_inst/O
                         net (fo=0)                   0.000    12.546    dense_input_address0[0]
    Y20                                                               r  dense_input_address0[0] (OUT)
  -------------------------------------------------------------------    -------------------

                         max delay                   10.000    10.000    
                         clock pessimism              0.000    10.000    
                         output delay                -0.000    10.000    
  -------------------------------------------------------------------
                         required time                         10.000    
                         arrival time                         -12.546    
  -------------------------------------------------------------------
                         slack                                 -2.546    





---------------------------------------------------------------------------------------------------
Path Group:  **default**
From Clock:  input port clock
  To Clock:  

Setup :            0  Failing Endpoints,  Worst Slack        2.626ns,  Total Violation        0.000ns
Hold  :           NA  Failing Endpoints,  Worst Slack           NA  ,  Total Violation           NA
---------------------------------------------------------------------------------------------------


Max Delay Paths
--------------------------------------------------------------------------------------
Slack (MET) :             2.626ns  (required time - arrival time)
  Source:                 start_port
                            (input port)
  Destination:            const_size_out_1_vld
  Path Group:             **default**
  Path Type:              Max at Slow Process Corner
  Requirement:            10.000ns  (MaxDelay Path 10.000ns)
  Data Path Delay:        7.374ns  (logic 3.704ns (50.231%)  route 3.670ns (49.769%))
  Logic Levels:           3  (IBUF=1 LUT6=1 OBUF=1)
  Output Delay:           0.000ns
  Timing Exception:       MaxDelay Path 10.000ns

    Location             Delay type                Incr(ns)  Path(ns)    Netlist Resource(s)
  -------------------------------------------------------------------    -------------------
    K15                                               0.000     0.000 r  start_port (IN)
                         net (fo=0)                   0.000     0.000    start_port
    K15                  IBUF (Prop_ibuf_I_O)         0.961     0.961 r  start_port_IBUF_inst/O
                         net (fo=2, estimated)        1.729     2.690    _myproject_i0/Controller_i/start_port_IBUF
    SLICE_X113Y82        LUT6 (Prop_lut6_I2_O)        0.124     2.814 r  _myproject_i0/Controller_i/const_size_in_1_vld_OBUF_inst_i_1/O
                         net (fo=37, estimated)       1.941     4.755    const_size_out_1_vld_OBUF
    M15                  OBUF (Prop_obuf_I_O)         2.619     7.374 r  const_size_out_1_vld_OBUF_inst/O
                         net (fo=0)                   0.000     7.374    const_size_out_1_vld
    M15                                                               r  const_size_out_1_vld (OUT)
  -------------------------------------------------------------------    -------------------

                         max delay                   10.000    10.000    
                         clock pessimism              0.000    10.000    
                         output delay                -0.000    10.000    
  -------------------------------------------------------------------
                         required time                         10.000    
                         arrival time                          -7.374    
  -------------------------------------------------------------------
                         slack                                  2.626    





