Copyright 1986-2019 Xilinx, Inc. All Rights Reserved.
-----------------------------------------------------------------------------------------------------------------------------------------------
| Tool Version : Vivado v.2019.2 (lin64) Build 2708876 Wed Nov  6 21:39:14 MST 2019
| Date         : Tue Jan  4 17:25:24 2022
| Host         : tennin running 64-bit Debian GNU/Linux 11 (bullseye)
| Command      : report_timing_summary -file /home/li/Hls-and-bambu/bambuhls/HLS_output//Synthesis/vivado_flow_9/post_place_timing_summary.rpt
| Design       : myproject
| Device       : 7vx690t-ffg1930
| Speed File   : -3  PRODUCTION 1.11 2014-09-11
-----------------------------------------------------------------------------------------------------------------------------------------------

Timing Summary Report

------------------------------------------------------------------------------------------------
| Timer Settings
| --------------
------------------------------------------------------------------------------------------------

  Enable Multi Corner Analysis               :  Yes
  Enable Pessimism Removal                   :  Yes
  Pessimism Removal Resolution               :  Nearest Common Node
  Enable Input Delay Default Clock           :  No
  Enable Preset / Clear Arcs                 :  No
  Disable Flight Delays                      :  No
  Ignore I/O Paths                           :  No
  Timing Early Launch at Borrowing Latches   :  No
  Borrow Time for Max Delay Exceptions       :  Yes
  Merge Timing Exceptions                    :  Yes

  Corner  Analyze    Analyze    
  Name    Max Paths  Min Paths  
  ------  ---------  ---------  
  Slow    Yes        Yes        
  Fast    Yes        Yes        



check_timing report

Table of Contents
-----------------
1. checking no_clock
2. checking constant_clock
3. checking pulse_width_clock
4. checking unconstrained_internal_endpoints
5. checking no_input_delay
6. checking no_output_delay
7. checking multiple_clock
8. checking generated_clocks
9. checking loops
10. checking partial_input_delay
11. checking partial_output_delay
12. checking latch_loops

1. checking no_clock
--------------------
 There are 0 register/latch pins with no clock.


2. checking constant_clock
--------------------------
 There are 0 register/latch pins with constant_clock.


3. checking pulse_width_clock
-----------------------------
 There are 0 register/latch pins which need pulse_width check


4. checking unconstrained_internal_endpoints
--------------------------------------------
 There are 0 pins that are not constrained for maximum delay.

 There are 0 pins that are not constrained for maximum delay due to constant clock.


5. checking no_input_delay
--------------------------
 There are 0 input ports with no input delay specified.

 There are 0 input ports with no input delay but user has a false path constraint.


6. checking no_output_delay
---------------------------
 There are 0 ports with no output delay specified.

 There are 0 ports with no output delay but user has a false path constraint

 There are 0 ports with no output delay but with a timing clock defined on it or propagating through it


7. checking multiple_clock
--------------------------
 There are 0 register/latch pins with multiple clocks.


8. checking generated_clocks
----------------------------
 There are 0 generated clocks that are not connected to a clock source.


9. checking loops
-----------------
 There are 0 combinational loops in the design.


10. checking partial_input_delay
--------------------------------
 There are 34 input ports with partial input delay specified. (HIGH)


11. checking partial_output_delay
---------------------------------
 There are 0 ports with partial output delay specified.


12. checking latch_loops
------------------------
 There are 0 combinational latch loops in the design through latch input



------------------------------------------------------------------------------------------------
| Design Timing Summary
| ---------------------
------------------------------------------------------------------------------------------------

    WNS(ns)      TNS(ns)  TNS Failing Endpoints  TNS Total Endpoints      WHS(ns)      THS(ns)  THS Failing Endpoints  THS Total Endpoints     WPWS(ns)     TPWS(ns)  TPWS Failing Endpoints  TPWS Total Endpoints  
    -------      -------  ---------------------  -------------------      -------      -------  ---------------------  -------------------     --------     --------  ----------------------  --------------------  
     -0.308       -4.158                     24                  746        0.167        0.000                      0                  604        4.600        0.000                       0                   237  


Timing constraints are not met.


------------------------------------------------------------------------------------------------
| Clock Summary
| -------------
------------------------------------------------------------------------------------------------

Clock  Waveform(ns)       Period(ns)      Frequency(MHz)
-----  ------------       ----------      --------------
clock  {0.000 5.000}      10.000          100.000         


------------------------------------------------------------------------------------------------
| Intra Clock Table
| -----------------
------------------------------------------------------------------------------------------------

Clock             WNS(ns)      TNS(ns)  TNS Failing Endpoints  TNS Total Endpoints      WHS(ns)      THS(ns)  THS Failing Endpoints  THS Total Endpoints     WPWS(ns)     TPWS(ns)  TPWS Failing Endpoints  TPWS Total Endpoints  
-----             -------      -------  ---------------------  -------------------      -------      -------  ---------------------  -------------------     --------     --------  ----------------------  --------------------  
clock               5.845        0.000                      0                  604        0.167        0.000                      0                  604        4.600        0.000                       0                   237  


------------------------------------------------------------------------------------------------
| Inter Clock Table
| -----------------
------------------------------------------------------------------------------------------------

From Clock        To Clock              WNS(ns)      TNS(ns)  TNS Failing Endpoints  TNS Total Endpoints      WHS(ns)      THS(ns)  THS Failing Endpoints  THS Total Endpoints  
----------        --------              -------      -------  ---------------------  -------------------      -------      -------  ---------------------  -------------------  
input port clock  clock                  10.120        0.000                      0                  163                                                                        


------------------------------------------------------------------------------------------------
| Other Path Groups Table
| -----------------------
------------------------------------------------------------------------------------------------

Path Group        From Clock        To Clock              WNS(ns)      TNS(ns)  TNS Failing Endpoints  TNS Total Endpoints      WHS(ns)      THS(ns)  THS Failing Endpoints  THS Total Endpoints  
----------        ----------        --------              -------      -------  ---------------------  -------------------      -------      -------  ---------------------  -------------------  
**default**       clock                                    -0.308       -4.158                     24                   48                                                                        
**default**       input port clock                          5.100        0.000                      0                    2                                                                        


------------------------------------------------------------------------------------------------
| Timing Details
| --------------
------------------------------------------------------------------------------------------------


---------------------------------------------------------------------------------------------------
From Clock:  clock
  To Clock:  clock

Setup :            0  Failing Endpoints,  Worst Slack        5.845ns,  Total Violation        0.000ns
Hold  :            0  Failing Endpoints,  Worst Slack        0.167ns,  Total Violation        0.000ns
PW    :            0  Failing Endpoints,  Worst Slack        4.600ns,  Total Violation        0.000ns
---------------------------------------------------------------------------------------------------


Max Delay Paths
--------------------------------------------------------------------------------------
Slack (MET) :             5.845ns  (required time - arrival time)
  Source:                 _myproject_i0/Controller_i/_present_state_reg[1]/C
                            (rising edge-triggered cell FDRE clocked by clock  {rise@0.000ns fall@5.000ns period=10.000ns})
  Destination:            _myproject_i0/Controller_i/_present_state_reg[0]_replica_1/D
                            (rising edge-triggered cell FDRE clocked by clock  {rise@0.000ns fall@5.000ns period=10.000ns})
  Path Group:             clock
  Path Type:              Setup (Max at Slow Process Corner)
  Requirement:            10.000ns  (clock rise@10.000ns - clock rise@0.000ns)
  Data Path Delay:        3.831ns  (logic 0.424ns (11.068%)  route 3.407ns (88.932%))
  Logic Levels:           2  (LUT3=1 LUT5=1)
  Clock Path Skew:        -0.267ns (DCD - SCD + CPR)
    Destination Clock Delay (DCD):    4.938ns = ( 14.938 - 10.000 ) 
    Source Clock Delay      (SCD):    5.509ns
    Clock Pessimism Removal (CPR):    0.303ns
  Clock Uncertainty:      0.035ns  ((TSJ^2 + TIJ^2)^1/2 + DJ) / 2 + PE
    Total System Jitter     (TSJ):    0.071ns
    Total Input Jitter      (TIJ):    0.000ns
    Discrete Jitter          (DJ):    0.000ns
    Phase Error              (PE):    0.000ns

    Location             Delay type                Incr(ns)  Path(ns)    Netlist Resource(s)
  -------------------------------------------------------------------    -------------------
                         (clock clock rise edge)      0.000     0.000 r  
    AU30                                              0.000     0.000 r  clock (IN)
                         net (fo=0)                   0.000     0.000    clock
    AU30                 IBUF (Prop_ibuf_I_O)         0.546     0.546 r  clock_IBUF_inst/O
                         net (fo=1, estimated)        3.053     3.599    clock_IBUF
    BUFGCTRL_X0Y0        BUFG (Prop_bufg_I_O)         0.080     3.679 r  clock_IBUF_BUFG_inst/O
                         net (fo=238, estimated)      1.830     5.509    _myproject_i0/Controller_i/CLK
    SLICE_X50Y34         FDRE                                         r  _myproject_i0/Controller_i/_present_state_reg[1]/C
  -------------------------------------------------------------------    -------------------
    SLICE_X50Y34         FDRE (Prop_fdre_C_Q)         0.254     5.763 f  _myproject_i0/Controller_i/_present_state_reg[1]/Q
                         net (fo=15, estimated)       0.776     6.539    _myproject_i0/Controller_i/_present_state[1]
    SLICE_X50Y38         LUT5 (Prop_lut5_I1_O)        0.043     6.582 r  _myproject_i0/Controller_i/_present_state[0]_i_2/O
                         net (fo=1, estimated)        0.966     7.548    _myproject_i0/Controller_i/_present_state[0]_i_2_n_0
    SLICE_X51Y34         LUT3 (Prop_lut3_I2_O)        0.127     7.675 r  _myproject_i0/Controller_i/_present_state[0]_i_1/O
                         net (fo=3, estimated)        1.665     9.340    _myproject_i0/Controller_i/_next_state[0]
    SLICE_X53Y83         FDRE                                         r  _myproject_i0/Controller_i/_present_state_reg[0]_replica_1/D
  -------------------------------------------------------------------    -------------------

                         (clock clock rise edge)     10.000    10.000 r  
    AU30                                              0.000    10.000 r  clock (IN)
                         net (fo=0)                   0.000    10.000    clock
    AU30                 IBUF (Prop_ibuf_I_O)         0.432    10.432 r  clock_IBUF_inst/O
                         net (fo=1, estimated)        2.900    13.332    clock_IBUF
    BUFGCTRL_X0Y0        BUFG (Prop_bufg_I_O)         0.072    13.404 r  clock_IBUF_BUFG_inst/O
                         net (fo=238, estimated)      1.534    14.938    _myproject_i0/Controller_i/CLK
    SLICE_X53Y83         FDRE                                         r  _myproject_i0/Controller_i/_present_state_reg[0]_replica_1/C
                         clock pessimism              0.303    15.242    
                         clock uncertainty           -0.035    15.206    
    SLICE_X53Y83         FDRE (Setup_fdre_C_D)       -0.022    15.184    _myproject_i0/Controller_i/_present_state_reg[0]_replica_1
  -------------------------------------------------------------------
                         required time                         15.184    
                         arrival time                          -9.340    
  -------------------------------------------------------------------
                         slack                                  5.845    





Min Delay Paths
--------------------------------------------------------------------------------------
Slack (MET) :             0.167ns  (arrival time - required time)
  Source:                 _myproject_i0/Datapath_i/reg_5/reg_out1_reg[2]/C
                            (rising edge-triggered cell FDRE clocked by clock  {rise@0.000ns fall@5.000ns period=10.000ns})
  Destination:            _myproject_i0/Datapath_i/reg_33/reg_out1_reg[6]/D
                            (rising edge-triggered cell FDRE clocked by clock  {rise@0.000ns fall@5.000ns period=10.000ns})
  Path Group:             clock
  Path Type:              Hold (Min at Fast Process Corner)
  Requirement:            0.000ns  (clock rise@0.000ns - clock rise@0.000ns)
  Data Path Delay:        0.212ns  (logic 0.100ns (47.166%)  route 0.112ns (52.834%))
  Logic Levels:           0  
  Clock Path Skew:        0.013ns (DCD - SCD - CPR)
    Destination Clock Delay (DCD):    3.258ns
    Source Clock Delay      (SCD):    2.715ns
    Clock Pessimism Removal (CPR):    0.531ns

    Location             Delay type                Incr(ns)  Path(ns)    Netlist Resource(s)
  -------------------------------------------------------------------    -------------------
                         (clock clock rise edge)      0.000     0.000 r  
    AU30                                              0.000     0.000 r  clock (IN)
                         net (fo=0)                   0.000     0.000    clock
    AU30                 IBUF (Prop_ibuf_I_O)         0.085     0.085 r  clock_IBUF_inst/O
                         net (fo=1, estimated)        1.781     1.866    clock_IBUF
    BUFGCTRL_X0Y0        BUFG (Prop_bufg_I_O)         0.026     1.892 r  clock_IBUF_BUFG_inst/O
                         net (fo=238, estimated)      0.823     2.715    _myproject_i0/Datapath_i/reg_5/CLK
    SLICE_X49Y29         FDRE                                         r  _myproject_i0/Datapath_i/reg_5/reg_out1_reg[2]/C
  -------------------------------------------------------------------    -------------------
    SLICE_X49Y29         FDRE (Prop_fdre_C_Q)         0.100     2.815 r  _myproject_i0/Datapath_i/reg_5/reg_out1_reg[2]/Q
                         net (fo=3, estimated)        0.112     2.927    _myproject_i0/Datapath_i/reg_33/Q[2]
    SLICE_X50Y29         FDRE                                         r  _myproject_i0/Datapath_i/reg_33/reg_out1_reg[6]/D
  -------------------------------------------------------------------    -------------------

                         (clock clock rise edge)      0.000     0.000 r  
    AU30                                              0.000     0.000 r  clock (IN)
                         net (fo=0)                   0.000     0.000    clock
    AU30                 IBUF (Prop_ibuf_I_O)         0.251     0.251 r  clock_IBUF_inst/O
                         net (fo=1, estimated)        1.875     2.125    clock_IBUF
    BUFGCTRL_X0Y0        BUFG (Prop_bufg_I_O)         0.030     2.155 r  clock_IBUF_BUFG_inst/O
                         net (fo=238, estimated)      1.103     3.258    _myproject_i0/Datapath_i/reg_33/CLK
    SLICE_X50Y29         FDRE                                         r  _myproject_i0/Datapath_i/reg_33/reg_out1_reg[6]/C
                         clock pessimism             -0.531     2.728    
    SLICE_X50Y29         FDRE (Hold_fdre_C_D)         0.032     2.760    _myproject_i0/Datapath_i/reg_33/reg_out1_reg[6]
  -------------------------------------------------------------------
                         required time                         -2.760    
                         arrival time                           2.927    
  -------------------------------------------------------------------
                         slack                                  0.167    





Pulse Width Checks
--------------------------------------------------------------------------------------
Clock Name:         clock
Waveform(ns):       { 0.000 5.000 }
Period(ns):         10.000
Sources:            { clock }

Check Type        Corner  Lib Pin      Reference Pin  Required(ns)  Actual(ns)  Slack(ns)  Location      Pin
Min Period        n/a     DSP48E1/CLK  n/a            2.426         10.000      7.574      DSP48_X2Y8    _myproject_i0/Datapath_i/fu_myproject_422558_422686/m1/out1/CLK
Low Pulse Width   Slow    FDRE/C       n/a            0.400         5.000       4.600      SLICE_X49Y27  _myproject_i0/Datapath_i/reg_3/reg_out1_reg[12]/C
High Pulse Width  Fast    FDRE/C       n/a            0.350         5.000       4.650      SLICE_X51Y34  _myproject_i0/Controller_i/_present_state_reg[0]/C



---------------------------------------------------------------------------------------------------
From Clock:  input port clock
  To Clock:  clock

Setup :            0  Failing Endpoints,  Worst Slack       10.120ns,  Total Violation        0.000ns
Hold  :           NA  Failing Endpoints,  Worst Slack           NA  ,  Total Violation           NA
---------------------------------------------------------------------------------------------------


Max Delay Paths
--------------------------------------------------------------------------------------
Slack (MET) :             10.120ns  (required time - arrival time)
  Source:                 start_port
                            (input port)
  Destination:            _myproject_i0/Datapath_i/reg_11/reg_out1_reg[13]/CE
                            (rising edge-triggered cell FDRE clocked by clock  {rise@0.000ns fall@5.000ns period=10.000ns})
  Path Group:             clock
  Path Type:              Setup (Max at Fast Process Corner)
  Requirement:            10.000ns  (MaxDelay Path 10.000ns)
  Data Path Delay:        2.422ns  (logic 0.338ns (13.975%)  route 2.083ns (86.025%))
  Logic Levels:           3  (IBUF=1 LUT6=2)
  Clock Path Skew:        2.672ns (DCD - SCD + CPR)
    Destination Clock Delay (DCD):    2.672ns
    Source Clock Delay      (SCD):    0.000ns
    Clock Pessimism Removal (CPR):    0.000ns
  Clock Uncertainty:      0.025ns  ((TSJ^2 + TIJ^2)^1/2 + DJ) / 2 + PE
    Total System Jitter     (TSJ):    0.050ns
    Total Input Jitter      (TIJ):    0.000ns
    Discrete Jitter          (DJ):    0.000ns
    Phase Error              (PE):    0.000ns
  Timing Exception:       MaxDelay Path 10.000ns

    Location             Delay type                Incr(ns)  Path(ns)    Netlist Resource(s)
  -------------------------------------------------------------------    -------------------
    AJ31                                              0.000     0.000 r  start_port (IN)
                         net (fo=0)                   0.000     0.000    start_port
    AJ31                 IBUF (Prop_ibuf_I_O)         0.268     0.268 r  start_port_IBUF_inst/O
                         net (fo=2, estimated)        0.739     1.007    _myproject_i0/Controller_i/start_port_IBUF
    SLICE_X50Y35         LUT6 (Prop_lut6_I2_O)        0.035     1.042 r  _myproject_i0/Controller_i/const_size_in_1_vld_OBUF_inst_i_1/O
                         net (fo=37, estimated)       0.728     1.770    _myproject_i0/Controller_i/_present_state_reg[4]_0
    SLICE_X50Y52         LUT6 (Prop_lut6_I5_O)        0.035     1.805 r  _myproject_i0/Controller_i/reg_out1[31]_i_1__1/O
                         net (fo=32, estimated)       0.617     2.422    _myproject_i0/Datapath_i/reg_11/reg_out1_reg[0]_0[0]
    SLICE_X50Y56         FDRE                                         r  _myproject_i0/Datapath_i/reg_11/reg_out1_reg[13]/CE
  -------------------------------------------------------------------    -------------------

                         max delay                   10.000    10.000    
    AU30                                              0.000    10.000 r  clock (IN)
                         net (fo=0)                   0.000    10.000    clock
    AU30                 IBUF (Prop_ibuf_I_O)         0.085    10.085 r  clock_IBUF_inst/O
                         net (fo=1, estimated)        1.781    11.866    clock_IBUF
    BUFGCTRL_X0Y0        BUFG (Prop_bufg_I_O)         0.026    11.892 r  clock_IBUF_BUFG_inst/O
                         net (fo=238, estimated)      0.780    12.672    _myproject_i0/Datapath_i/reg_11/CLK
    SLICE_X50Y56         FDRE                                         r  _myproject_i0/Datapath_i/reg_11/reg_out1_reg[13]/C
                         clock pessimism              0.000    12.672    
                         clock uncertainty           -0.025    12.647    
    SLICE_X50Y56         FDRE (Setup_fdre_C_CE)      -0.105    12.542    _myproject_i0/Datapath_i/reg_11/reg_out1_reg[13]
  -------------------------------------------------------------------
                         required time                         12.542    
                         arrival time                          -2.422    
  -------------------------------------------------------------------
                         slack                                 10.120    





---------------------------------------------------------------------------------------------------
Path Group:  **default**
From Clock:  clock
  To Clock:  

Setup :           24  Failing Endpoints,  Worst Slack       -0.308ns,  Total Violation       -4.158ns
Hold  :           NA  Failing Endpoints,  Worst Slack           NA  ,  Total Violation           NA
---------------------------------------------------------------------------------------------------


Max Delay Paths
--------------------------------------------------------------------------------------
Slack (VIOLATED) :        -0.308ns  (required time - arrival time)
  Source:                 _myproject_i0/Controller_i/_present_state_reg[6]_replica_2/C
                            (rising edge-triggered cell FDRE clocked by clock  {rise@0.000ns fall@5.000ns period=10.000ns})
  Destination:            dense_1_input_address0[2]
  Path Group:             **default**
  Path Type:              Max at Slow Process Corner
  Requirement:            10.000ns  (MaxDelay Path 10.000ns)
  Data Path Delay:        4.793ns  (logic 2.198ns (45.863%)  route 2.595ns (54.137%))
  Logic Levels:           3  (LUT6=2 OBUF=1)
  Output Delay:           0.000ns
  Clock Path Skew:        -5.515ns (DCD - SCD + CPR)
    Destination Clock Delay (DCD):    0.000ns
    Source Clock Delay      (SCD):    5.515ns
    Clock Pessimism Removal (CPR):    0.000ns
  Timing Exception:       MaxDelay Path 10.000ns

    Location             Delay type                Incr(ns)  Path(ns)    Netlist Resource(s)
  -------------------------------------------------------------------    -------------------
                         (clock clock rise edge)      0.000     0.000 r  
    AU30                                              0.000     0.000 r  clock (IN)
                         net (fo=0)                   0.000     0.000    clock
    AU30                 IBUF (Prop_ibuf_I_O)         0.546     0.546 r  clock_IBUF_inst/O
                         net (fo=1, estimated)        3.053     3.599    clock_IBUF
    BUFGCTRL_X0Y0        BUFG (Prop_bufg_I_O)         0.080     3.679 r  clock_IBUF_BUFG_inst/O
                         net (fo=238, estimated)      1.836     5.515    _myproject_i0/Controller_i/CLK
    SLICE_X51Y40         FDRE                                         r  _myproject_i0/Controller_i/_present_state_reg[6]_replica_2/C
  -------------------------------------------------------------------    -------------------
    SLICE_X51Y40         FDRE (Prop_fdre_C_Q)         0.216     5.731 r  _myproject_i0/Controller_i/_present_state_reg[6]_replica_2/Q
                         net (fo=1, estimated)        0.410     6.141    _myproject_i0/Controller_i/_present_state[6]_repN_2
    SLICE_X51Y39         LUT6 (Prop_lut6_I0_O)        0.043     6.184 r  _myproject_i0/Controller_i/dense_1_input_address0_OBUF[3]_inst_i_2/O
                         net (fo=11, estimated)       1.107     7.291    _myproject_i0/Controller_i/dense_1_input_address0_OBUF[3]_inst_i_2_n_0
    SLICE_X54Y82         LUT6 (Prop_lut6_I4_O)        0.043     7.334 r  _myproject_i0/Controller_i/dense_1_input_address0_OBUF[2]_inst_i_1/O
                         net (fo=1, estimated)        1.078     8.412    dense_1_input_address0_OBUF[2]
    BB40                 OBUF (Prop_obuf_I_O)         1.896    10.308 r  dense_1_input_address0_OBUF[2]_inst/O
                         net (fo=0)                   0.000    10.308    dense_1_input_address0[2]
    BB40                                                              r  dense_1_input_address0[2] (OUT)
  -------------------------------------------------------------------    -------------------

                         max delay                   10.000    10.000    
                         clock pessimism              0.000    10.000    
                         output delay                -0.000    10.000    
  -------------------------------------------------------------------
                         required time                         10.000    
                         arrival time                         -10.308    
  -------------------------------------------------------------------
                         slack                                 -0.308    





---------------------------------------------------------------------------------------------------
Path Group:  **default**
From Clock:  input port clock
  To Clock:  

Setup :            0  Failing Endpoints,  Worst Slack        5.100ns,  Total Violation        0.000ns
Hold  :           NA  Failing Endpoints,  Worst Slack           NA  ,  Total Violation           NA
---------------------------------------------------------------------------------------------------


Max Delay Paths
--------------------------------------------------------------------------------------
Slack (MET) :             5.100ns  (required time - arrival time)
  Source:                 start_port
                            (input port)
  Destination:            const_size_out_1_vld
  Path Group:             **default**
  Path Type:              Max at Slow Process Corner
  Requirement:            10.000ns  (MaxDelay Path 10.000ns)
  Data Path Delay:        4.900ns  (logic 2.362ns (48.199%)  route 2.538ns (51.801%))
  Logic Levels:           3  (IBUF=1 LUT6=1 OBUF=1)
  Output Delay:           0.000ns
  Timing Exception:       MaxDelay Path 10.000ns

    Location             Delay type                Incr(ns)  Path(ns)    Netlist Resource(s)
  -------------------------------------------------------------------    -------------------
    AJ31                                              0.000     0.000 r  start_port (IN)
                         net (fo=0)                   0.000     0.000    start_port
    AJ31                 IBUF (Prop_ibuf_I_O)         0.563     0.563 r  start_port_IBUF_inst/O
                         net (fo=2, estimated)        1.203     1.766    _myproject_i0/Controller_i/start_port_IBUF
    SLICE_X50Y35         LUT6 (Prop_lut6_I2_O)        0.043     1.809 r  _myproject_i0/Controller_i/const_size_in_1_vld_OBUF_inst_i_1/O
                         net (fo=37, estimated)       1.335     3.144    const_size_out_1_vld_OBUF
    AN29                 OBUF (Prop_obuf_I_O)         1.755     4.900 r  const_size_out_1_vld_OBUF_inst/O
                         net (fo=0)                   0.000     4.900    const_size_out_1_vld
    AN29                                                              r  const_size_out_1_vld (OUT)
  -------------------------------------------------------------------    -------------------

                         max delay                   10.000    10.000    
                         clock pessimism              0.000    10.000    
                         output delay                -0.000    10.000    
  -------------------------------------------------------------------
                         required time                         10.000    
                         arrival time                          -4.900    
  -------------------------------------------------------------------
                         slack                                  5.100    





