Copyright 1986-2019 Xilinx, Inc. All Rights Reserved.
---------------------------------------------------------------------------------------------------------------------------------
| Tool Version : Vivado v.2019.2 (lin64) Build 2708876 Wed Nov  6 21:39:14 MST 2019
| Date         : Tue Dec 21 13:27:18 2021
| Host         : tennin running 64-bit Debian GNU/Linux 11 (bullseye)
| Command      : report_timing_summary -file /home/li/bambuhls/HLS_output//Synthesis/vivado_flow_9/post_synth_timing_summary.rpt
| Design       : myproject
| Device       : 7vx690t-ffg1930
| Speed File   : -3  PRODUCTION 1.11 2014-09-11
---------------------------------------------------------------------------------------------------------------------------------

Timing Summary Report

------------------------------------------------------------------------------------------------
| Timer Settings
| --------------
------------------------------------------------------------------------------------------------

  Enable Multi Corner Analysis               :  Yes
  Enable Pessimism Removal                   :  Yes
  Pessimism Removal Resolution               :  Nearest Common Node
  Enable Input Delay Default Clock           :  No
  Enable Preset / Clear Arcs                 :  No
  Disable Flight Delays                      :  No
  Ignore I/O Paths                           :  No
  Timing Early Launch at Borrowing Latches   :  No
  Borrow Time for Max Delay Exceptions       :  Yes
  Merge Timing Exceptions                    :  Yes

  Corner  Analyze    Analyze    
  Name    Max Paths  Min Paths  
  ------  ---------  ---------  
  Slow    Yes        Yes        
  Fast    Yes        Yes        



check_timing report

Table of Contents
-----------------
1. checking no_clock
2. checking constant_clock
3. checking pulse_width_clock
4. checking unconstrained_internal_endpoints
5. checking no_input_delay
6. checking no_output_delay
7. checking multiple_clock
8. checking generated_clocks
9. checking loops
10. checking partial_input_delay
11. checking partial_output_delay
12. checking latch_loops

1. checking no_clock
--------------------
 There are 0 register/latch pins with no clock.


2. checking constant_clock
--------------------------
 There are 0 register/latch pins with constant_clock.


3. checking pulse_width_clock
-----------------------------
 There are 0 register/latch pins which need pulse_width check


4. checking unconstrained_internal_endpoints
--------------------------------------------
 There are 0 pins that are not constrained for maximum delay.

 There are 0 pins that are not constrained for maximum delay due to constant clock.


5. checking no_input_delay
--------------------------
 There are 0 input ports with no input delay specified.

 There are 0 input ports with no input delay but user has a false path constraint.


6. checking no_output_delay
---------------------------
 There are 0 ports with no output delay specified.

 There are 0 ports with no output delay but user has a false path constraint

 There are 0 ports with no output delay but with a timing clock defined on it or propagating through it


7. checking multiple_clock
--------------------------
 There are 0 register/latch pins with multiple clocks.


8. checking generated_clocks
----------------------------
 There are 0 generated clocks that are not connected to a clock source.


9. checking loops
-----------------
 There are 0 combinational loops in the design.


10. checking partial_input_delay
--------------------------------
 There are 34 input ports with partial input delay specified. (HIGH)


11. checking partial_output_delay
---------------------------------
 There are 0 ports with partial output delay specified.


12. checking latch_loops
------------------------
 There are 0 combinational latch loops in the design through latch input



------------------------------------------------------------------------------------------------
| Design Timing Summary
| ---------------------
------------------------------------------------------------------------------------------------

    WNS(ns)      TNS(ns)  TNS Failing Endpoints  TNS Total Endpoints      WHS(ns)      THS(ns)  THS Failing Endpoints  THS Total Endpoints     WPWS(ns)     TPWS(ns)  TPWS Failing Endpoints  TPWS Total Endpoints  
    -------      -------  ---------------------  -------------------      -------      -------  ---------------------  -------------------     --------     --------  ----------------------  --------------------  
      4.563        0.000                      0                  722        0.082        0.000                      0                  592        4.650        0.000                       0                   225  


All user specified timing constraints are met.


------------------------------------------------------------------------------------------------
| Clock Summary
| -------------
------------------------------------------------------------------------------------------------

Clock  Waveform(ns)       Period(ns)      Frequency(MHz)
-----  ------------       ----------      --------------
clock  {0.000 5.000}      10.000          100.000         


------------------------------------------------------------------------------------------------
| Intra Clock Table
| -----------------
------------------------------------------------------------------------------------------------

Clock             WNS(ns)      TNS(ns)  TNS Failing Endpoints  TNS Total Endpoints      WHS(ns)      THS(ns)  THS Failing Endpoints  THS Total Endpoints     WPWS(ns)     TPWS(ns)  TPWS Failing Endpoints  TPWS Total Endpoints  
-----             -------      -------  ---------------------  -------------------      -------      -------  ---------------------  -------------------     --------     --------  ----------------------  --------------------  
clock               6.239        0.000                      0                  592        0.082        0.000                      0                  592        4.650        0.000                       0                   225  


------------------------------------------------------------------------------------------------
| Inter Clock Table
| -----------------
------------------------------------------------------------------------------------------------

From Clock        To Clock              WNS(ns)      TNS(ns)  TNS Failing Endpoints  TNS Total Endpoints      WHS(ns)      THS(ns)  THS Failing Endpoints  THS Total Endpoints  
----------        --------              -------      -------  ---------------------  -------------------      -------      -------  ---------------------  -------------------  
input port clock  clock                   9.356        0.000                      0                  149                                                                        


------------------------------------------------------------------------------------------------
| Other Path Groups Table
| -----------------------
------------------------------------------------------------------------------------------------

Path Group        From Clock        To Clock              WNS(ns)      TNS(ns)  TNS Failing Endpoints  TNS Total Endpoints      WHS(ns)      THS(ns)  THS Failing Endpoints  THS Total Endpoints  
----------        ----------        --------              -------      -------  ---------------------  -------------------      -------      -------  ---------------------  -------------------  
**default**       clock                                     4.563        0.000                      0                   48                                                                        
**default**       input port clock                          6.710        0.000                      0                    2                                                                        


------------------------------------------------------------------------------------------------
| Timing Details
| --------------
------------------------------------------------------------------------------------------------


---------------------------------------------------------------------------------------------------
From Clock:  clock
  To Clock:  clock

Setup :            0  Failing Endpoints,  Worst Slack        6.239ns,  Total Violation        0.000ns
Hold  :            0  Failing Endpoints,  Worst Slack        0.082ns,  Total Violation        0.000ns
PW    :            0  Failing Endpoints,  Worst Slack        4.650ns,  Total Violation        0.000ns
---------------------------------------------------------------------------------------------------


Max Delay Paths
--------------------------------------------------------------------------------------
Slack (MET) :             6.239ns  (required time - arrival time)
  Source:                 _myproject_i0/Datapath_i/fu_myproject_422558_422675/m1/out1/CLK
                            (rising edge-triggered cell DSP48E1 clocked by clock  {rise@0.000ns fall@5.000ns period=10.000ns})
  Destination:            _myproject_i0/Datapath_i/array_423023_0/ARRAY_1D_STD_BRAM_NN_instance/multiple_elements.memory_reg/DIADI[0]
                            (rising edge-triggered cell RAMB36E1 clocked by clock  {rise@0.000ns fall@5.000ns period=10.000ns})
  Path Group:             clock
  Path Type:              Setup (Max at Slow Process Corner)
  Requirement:            10.000ns  (clock rise@10.000ns - clock rise@0.000ns)
  Data Path Delay:        3.413ns  (logic 2.544ns (74.542%)  route 0.869ns (25.458%))
  Logic Levels:           1  (LUT3=1)
  Clock Path Skew:        -0.145ns (DCD - SCD + CPR)
    Destination Clock Delay (DCD):    1.380ns = ( 11.380 - 10.000 ) 
    Source Clock Delay      (SCD):    1.669ns
    Clock Pessimism Removal (CPR):    0.144ns
  Clock Uncertainty:      0.035ns  ((TSJ^2 + TIJ^2)^1/2 + DJ) / 2 + PE
    Total System Jitter     (TSJ):    0.071ns
    Total Input Jitter      (TIJ):    0.000ns
    Discrete Jitter          (DJ):    0.000ns
    Phase Error              (PE):    0.000ns

    Location             Delay type                Incr(ns)  Path(ns)    Netlist Resource(s)
  -------------------------------------------------------------------    -------------------
                         (clock clock rise edge)      0.000     0.000 r  
                                                      0.000     0.000 r  clock (IN)
                         net (fo=0)                   0.000     0.000    clock
                         IBUF (Prop_ibuf_I_O)         0.570     0.570 r  clock_IBUF_inst/O
                         net (fo=1, unplaced)         0.434     1.005    clock_IBUF
                         BUFG (Prop_bufg_I_O)         0.080     1.085 r  clock_IBUF_BUFG_inst/O
                         net (fo=226, unplaced)       0.584     1.669    _myproject_i0/Datapath_i/fu_myproject_422558_422675/m1/CLK
                         DSP48E1                                      r  _myproject_i0/Datapath_i/fu_myproject_422558_422675/m1/out1/CLK
  -------------------------------------------------------------------    -------------------
                         DSP48E1 (Prop_dsp48e1_CLK_P[10])
                                                      2.501     4.170 r  _myproject_i0/Datapath_i/fu_myproject_422558_422675/m1/out1/P[10]
                         net (fo=1, unplaced)         0.434     4.604    _myproject_i0/Datapath_i/MUX_4_ARRAY_1D_STD_BRAM_NN_SDS_1_i1_0_0_0/P[0]
                         LUT3 (Prop_lut3_I0_O)        0.043     4.647 r  _myproject_i0/Datapath_i/MUX_4_ARRAY_1D_STD_BRAM_NN_SDS_1_i1_0_0_0/multiple_elements.memory_reg_i_22/O
                         net (fo=1, unplaced)         0.434     5.082    _myproject_i0/Datapath_i/array_423023_0/ARRAY_1D_STD_BRAM_NN_instance/DIADI[0]
                         RAMB36E1                                     r  _myproject_i0/Datapath_i/array_423023_0/ARRAY_1D_STD_BRAM_NN_instance/multiple_elements.memory_reg/DIADI[0]
  -------------------------------------------------------------------    -------------------

                         (clock clock rise edge)     10.000    10.000 r  
                                                      0.000    10.000 r  clock (IN)
                         net (fo=0)                   0.000    10.000    clock
                         IBUF (Prop_ibuf_I_O)         0.456    10.456 r  clock_IBUF_inst/O
                         net (fo=1, unplaced)         0.413    10.869    clock_IBUF
                         BUFG (Prop_bufg_I_O)         0.072    10.941 r  clock_IBUF_BUFG_inst/O
                         net (fo=226, unplaced)       0.439    11.380    _myproject_i0/Datapath_i/array_423023_0/ARRAY_1D_STD_BRAM_NN_instance/CLK
                         RAMB36E1                                     r  _myproject_i0/Datapath_i/array_423023_0/ARRAY_1D_STD_BRAM_NN_instance/multiple_elements.memory_reg/CLKARDCLK
                         clock pessimism              0.144    11.524    
                         clock uncertainty           -0.035    11.489    
                         RAMB36E1 (Setup_ramb36e1_CLKARDCLK_DIADI[0])
                                                     -0.168    11.321    _myproject_i0/Datapath_i/array_423023_0/ARRAY_1D_STD_BRAM_NN_instance/multiple_elements.memory_reg
  -------------------------------------------------------------------
                         required time                         11.321    
                         arrival time                          -5.082    
  -------------------------------------------------------------------
                         slack                                  6.239    





Min Delay Paths
--------------------------------------------------------------------------------------
Slack (MET) :             0.082ns  (arrival time - required time)
  Source:                 _myproject_i0/Datapath_i/reg_5/reg_out1_reg[1]/C
                            (rising edge-triggered cell FDRE clocked by clock  {rise@0.000ns fall@5.000ns period=10.000ns})
  Destination:            _myproject_i0/Datapath_i/reg_33/reg_out1_reg[5]/D
                            (rising edge-triggered cell FDRE clocked by clock  {rise@0.000ns fall@5.000ns period=10.000ns})
  Path Group:             clock
  Path Type:              Hold (Min at Fast Process Corner)
  Requirement:            0.000ns  (clock rise@0.000ns - clock rise@0.000ns)
  Data Path Delay:        0.214ns  (logic 0.104ns (48.670%)  route 0.110ns (51.330%))
  Logic Levels:           0  
  Clock Path Skew:        0.145ns (DCD - SCD - CPR)
    Destination Clock Delay (DCD):    0.831ns
    Source Clock Delay      (SCD):    0.503ns
    Clock Pessimism Removal (CPR):    0.183ns

    Location             Delay type                Incr(ns)  Path(ns)    Netlist Resource(s)
  -------------------------------------------------------------------    -------------------
                         (clock clock rise edge)      0.000     0.000 r  
                                                      0.000     0.000 r  clock (IN)
                         net (fo=0)                   0.000     0.000    clock
                         IBUF (Prop_ibuf_I_O)         0.109     0.109 r  clock_IBUF_inst/O
                         net (fo=1, unplaced)         0.253     0.363    clock_IBUF
                         BUFG (Prop_bufg_I_O)         0.026     0.389 r  clock_IBUF_BUFG_inst/O
                         net (fo=226, unplaced)       0.114     0.503    _myproject_i0/Datapath_i/reg_5/CLK
                         FDRE                                         r  _myproject_i0/Datapath_i/reg_5/reg_out1_reg[1]/C
  -------------------------------------------------------------------    -------------------
                         FDRE (Prop_fdre_C_Q)         0.104     0.607 r  _myproject_i0/Datapath_i/reg_5/reg_out1_reg[1]/Q
                         net (fo=3, unplaced)         0.110     0.716    _myproject_i0/Datapath_i/reg_33/Q[1]
                         FDRE                                         r  _myproject_i0/Datapath_i/reg_33/reg_out1_reg[5]/D
  -------------------------------------------------------------------    -------------------

                         (clock clock rise edge)      0.000     0.000 r  
                                                      0.000     0.000 r  clock (IN)
                         net (fo=0)                   0.000     0.000    clock
                         IBUF (Prop_ibuf_I_O)         0.275     0.275 r  clock_IBUF_inst/O
                         net (fo=1, unplaced)         0.267     0.542    clock_IBUF
                         BUFG (Prop_bufg_I_O)         0.030     0.572 r  clock_IBUF_BUFG_inst/O
                         net (fo=226, unplaced)       0.259     0.831    _myproject_i0/Datapath_i/reg_33/CLK
                         FDRE                                         r  _myproject_i0/Datapath_i/reg_33/reg_out1_reg[5]/C
                         clock pessimism             -0.183     0.648    
                         FDRE (Hold_fdre_C_D)        -0.013     0.635    _myproject_i0/Datapath_i/reg_33/reg_out1_reg[5]
  -------------------------------------------------------------------
                         required time                         -0.635    
                         arrival time                           0.716    
  -------------------------------------------------------------------
                         slack                                  0.082    





Pulse Width Checks
--------------------------------------------------------------------------------------
Clock Name:         clock
Waveform(ns):       { 0.000 5.000 }
Period(ns):         10.000
Sources:            { clock }

Check Type        Corner  Lib Pin      Reference Pin  Required(ns)  Actual(ns)  Slack(ns)  Location  Pin
Min Period        n/a     DSP48E1/CLK  n/a            2.426         10.000      7.574                _myproject_i0/Datapath_i/fu_myproject_422558_422686/m1/out1/CLK
Low Pulse Width   Slow    FDRE/C       n/a            0.350         5.000       4.650                _myproject_i0/Controller_i/_present_state_reg[0]/C
High Pulse Width  Fast    FDRE/C       n/a            0.350         5.000       4.650                _myproject_i0/Controller_i/_present_state_reg[0]/C



---------------------------------------------------------------------------------------------------
From Clock:  input port clock
  To Clock:  clock

Setup :            0  Failing Endpoints,  Worst Slack        9.356ns,  Total Violation        0.000ns
Hold  :           NA  Failing Endpoints,  Worst Slack           NA  ,  Total Violation           NA
---------------------------------------------------------------------------------------------------


Max Delay Paths
--------------------------------------------------------------------------------------
Slack (MET) :             9.356ns  (required time - arrival time)
  Source:                 start_port
                            (input port)
  Destination:            _myproject_i0/Datapath_i/reg_11/reg_out1_reg[0]/CE
                            (rising edge-triggered cell FDRE clocked by clock  {rise@0.000ns fall@5.000ns period=10.000ns})
  Path Group:             clock
  Path Type:              Setup (Max at Fast Process Corner)
  Requirement:            10.000ns  (MaxDelay Path 10.000ns)
  Data Path Delay:        1.003ns  (logic 0.345ns (34.447%)  route 0.657ns (65.553%))
  Logic Levels:           3  (IBUF=1 LUT6=2)
  Clock Path Skew:        0.503ns (DCD - SCD + CPR)
    Destination Clock Delay (DCD):    0.503ns
    Source Clock Delay      (SCD):    0.000ns
    Clock Pessimism Removal (CPR):    0.000ns
  Clock Uncertainty:      0.025ns  ((TSJ^2 + TIJ^2)^1/2 + DJ) / 2 + PE
    Total System Jitter     (TSJ):    0.050ns
    Total Input Jitter      (TIJ):    0.000ns
    Discrete Jitter          (DJ):    0.000ns
    Phase Error              (PE):    0.000ns
  Timing Exception:       MaxDelay Path 10.000ns

    Location             Delay type                Incr(ns)  Path(ns)    Netlist Resource(s)
  -------------------------------------------------------------------    -------------------
                                                      0.000     0.000 r  start_port (IN)
                         net (fo=0)                   0.000     0.000    start_port
                         IBUF (Prop_ibuf_I_O)         0.275     0.275 r  start_port_IBUF_inst/O
                         net (fo=2, unplaced)         0.267     0.542    _myproject_i0/Controller_i/start_port_IBUF
                         LUT6 (Prop_lut6_I2_O)        0.035     0.577 r  _myproject_i0/Controller_i/const_size_in_1_vld_OBUF_inst_i_1/O
                         net (fo=37, unplaced)        0.196     0.773    _myproject_i0/Controller_i/_present_state_reg[4]_0
                         LUT6 (Prop_lut6_I5_O)        0.035     0.808 r  _myproject_i0/Controller_i/reg_out1[31]_i_1__1/O
                         net (fo=32, unplaced)        0.195     1.003    _myproject_i0/Datapath_i/reg_11/reg_out1_reg[0]_0[0]
                         FDRE                                         r  _myproject_i0/Datapath_i/reg_11/reg_out1_reg[0]/CE
  -------------------------------------------------------------------    -------------------

                         max delay                   10.000    10.000    
                                                      0.000    10.000 r  clock (IN)
                         net (fo=0)                   0.000    10.000    clock
                         IBUF (Prop_ibuf_I_O)         0.109    10.109 r  clock_IBUF_inst/O
                         net (fo=1, unplaced)         0.253    10.363    clock_IBUF
                         BUFG (Prop_bufg_I_O)         0.026    10.389 r  clock_IBUF_BUFG_inst/O
                         net (fo=226, unplaced)       0.114    10.503    _myproject_i0/Datapath_i/reg_11/CLK
                         FDRE                                         r  _myproject_i0/Datapath_i/reg_11/reg_out1_reg[0]/C
                         clock pessimism              0.000    10.503    
                         clock uncertainty           -0.025    10.478    
                         FDRE (Setup_fdre_C_CE)      -0.119    10.359    _myproject_i0/Datapath_i/reg_11/reg_out1_reg[0]
  -------------------------------------------------------------------
                         required time                         10.359    
                         arrival time                          -1.003    
  -------------------------------------------------------------------
                         slack                                  9.356    





---------------------------------------------------------------------------------------------------
Path Group:  **default**
From Clock:  clock
  To Clock:  

Setup :            0  Failing Endpoints,  Worst Slack        4.563ns,  Total Violation        0.000ns
Hold  :           NA  Failing Endpoints,  Worst Slack           NA  ,  Total Violation           NA
---------------------------------------------------------------------------------------------------


Max Delay Paths
--------------------------------------------------------------------------------------
Slack (MET) :             4.563ns  (required time - arrival time)
  Source:                 _myproject_i0/Controller_i/_present_state_reg[2]/C
                            (rising edge-triggered cell FDRE clocked by clock  {rise@0.000ns fall@5.000ns period=10.000ns})
  Destination:            layer2_out_d0[10]
  Path Group:             **default**
  Path Type:              Max at Slow Process Corner
  Requirement:            10.000ns  (MaxDelay Path 10.000ns)
  Data Path Delay:        3.768ns  (logic 2.242ns (59.515%)  route 1.525ns (40.485%))
  Logic Levels:           4  (LUT4=2 LUT5=1 OBUF=1)
  Output Delay:           0.000ns
  Clock Path Skew:        -1.669ns (DCD - SCD + CPR)
    Destination Clock Delay (DCD):    0.000ns
    Source Clock Delay      (SCD):    1.669ns
    Clock Pessimism Removal (CPR):    0.000ns
  Timing Exception:       MaxDelay Path 10.000ns

    Location             Delay type                Incr(ns)  Path(ns)    Netlist Resource(s)
  -------------------------------------------------------------------    -------------------
                         (clock clock rise edge)      0.000     0.000 r  
                                                      0.000     0.000 r  clock (IN)
                         net (fo=0)                   0.000     0.000    clock
                         IBUF (Prop_ibuf_I_O)         0.570     0.570 r  clock_IBUF_inst/O
                         net (fo=1, unplaced)         0.434     1.005    clock_IBUF
                         BUFG (Prop_bufg_I_O)         0.080     1.085 r  clock_IBUF_BUFG_inst/O
                         net (fo=226, unplaced)       0.584     1.669    _myproject_i0/Controller_i/CLK
                         FDRE                                         r  _myproject_i0/Controller_i/_present_state_reg[2]/C
  -------------------------------------------------------------------    -------------------
                         FDRE (Prop_fdre_C_Q)         0.226     1.895 f  _myproject_i0/Controller_i/_present_state_reg[2]/Q
                         net (fo=15, unplaced)        0.453     2.348    _myproject_i0/Controller_i/_present_state[2]
                         LUT4 (Prop_lut4_I1_O)        0.119     2.467 r  _myproject_i0/Controller_i/const_size_in_1_vld_OBUF_inst_i_3/O
                         net (fo=38, unplaced)        0.319     2.786    _myproject_i0/Controller_i/const_size_in_1_vld_OBUF_inst_i_3_n_0
                         LUT5 (Prop_lut5_I4_O)        0.043     2.829 r  _myproject_i0/Controller_i/reg_out1_i_1/O
                         net (fo=37, unplaced)        0.319     3.148    _myproject_i0/Controller_i/selector_MUX_64_layer2_out_bambu_artificial_ParmMgr_modgen_68_i0_2_0_0
                         LUT4 (Prop_lut4_I1_O)        0.047     3.195 r  _myproject_i0/Controller_i/layer2_out_d0_OBUF[10]_inst_i_1/O
                         net (fo=1, unplaced)         0.434     3.629    layer2_out_d0_OBUF[10]
                         OBUF (Prop_obuf_I_O)         1.807     5.437 r  layer2_out_d0_OBUF[10]_inst/O
                         net (fo=0)                   0.000     5.437    layer2_out_d0[10]
                                                                      r  layer2_out_d0[10] (OUT)
  -------------------------------------------------------------------    -------------------

                         max delay                   10.000    10.000    
                         clock pessimism              0.000    10.000    
                         output delay                -0.000    10.000    
  -------------------------------------------------------------------
                         required time                         10.000    
                         arrival time                          -5.437    
  -------------------------------------------------------------------
                         slack                                  4.563    





---------------------------------------------------------------------------------------------------
Path Group:  **default**
From Clock:  input port clock
  To Clock:  

Setup :            0  Failing Endpoints,  Worst Slack        6.710ns,  Total Violation        0.000ns
Hold  :           NA  Failing Endpoints,  Worst Slack           NA  ,  Total Violation           NA
---------------------------------------------------------------------------------------------------


Max Delay Paths
--------------------------------------------------------------------------------------
Slack (MET) :             6.710ns  (required time - arrival time)
  Source:                 start_port
                            (input port)
  Destination:            const_size_in_1_vld
  Path Group:             **default**
  Path Type:              Max at Slow Process Corner
  Requirement:            10.000ns  (MaxDelay Path 10.000ns)
  Data Path Delay:        3.290ns  (logic 2.421ns (73.589%)  route 0.869ns (26.411%))
  Logic Levels:           3  (IBUF=1 LUT6=1 OBUF=1)
  Output Delay:           0.000ns
  Timing Exception:       MaxDelay Path 10.000ns

    Location             Delay type                Incr(ns)  Path(ns)    Netlist Resource(s)
  -------------------------------------------------------------------    -------------------
                                                      0.000     0.000 r  start_port (IN)
                         net (fo=0)                   0.000     0.000    start_port
                         IBUF (Prop_ibuf_I_O)         0.570     0.570 r  start_port_IBUF_inst/O
                         net (fo=2, unplaced)         0.434     1.005    _myproject_i0/Controller_i/start_port_IBUF
                         LUT6 (Prop_lut6_I2_O)        0.043     1.048 r  _myproject_i0/Controller_i/const_size_in_1_vld_OBUF_inst_i_1/O
                         net (fo=37, unplaced)        0.434     1.482    const_size_out_1_vld_OBUF
                         OBUF (Prop_obuf_I_O)         1.807     3.290 r  const_size_in_1_vld_OBUF_inst/O
                         net (fo=0)                   0.000     3.290    const_size_in_1_vld
                                                                      r  const_size_in_1_vld (OUT)
  -------------------------------------------------------------------    -------------------

                         max delay                   10.000    10.000    
                         clock pessimism              0.000    10.000    
                         output delay                -0.000    10.000    
  -------------------------------------------------------------------
                         required time                         10.000    
                         arrival time                          -3.290    
  -------------------------------------------------------------------
                         slack                                  6.710    





