#-----------------------------------------------------------
# xsim v2019.2 (64-bit)
# SW Build 2708876 on Wed Nov  6 21:39:14 MST 2019
# IP Build 2700528 on Thu Nov  7 00:09:20 MST 2019
# Start of session at: Fri Dec 17 12:24:46 2021
# Process ID: 3182885
# Current directory: /home/li/vivadohls/model_single_dense/hls4ml_prj/myproject_prj/solution1/sim/verilog
# Command line: xsim -mode tcl -source {xsim.dir/myproject/xsim_script.tcl}
# Log file: /home/li/vivadohls/model_single_dense/hls4ml_prj/myproject_prj/solution1/sim/verilog/xsim.log
# Journal file: /home/li/vivadohls/model_single_dense/hls4ml_prj/myproject_prj/solution1/sim/verilog/xsim.jou
#-----------------------------------------------------------
source xsim.dir/myproject/xsim_script.tcl
# xsim {myproject} -autoloadwcfg -tclbatch {myproject.tcl}
Vivado Simulator 2019.2
Time resolution is 1 ps
source myproject.tcl
## log_wave -r /
WARNING: [Simtcl 6-197] One or more HDL objects could not be logged because of object type or size limitations.  To see details please rerun the command with -verbose (-v).
## set designtopgroup [add_wave_group "Design Top Signals"]
## set coutputgroup [add_wave_group "C Outputs" -into $designtopgroup]
## set const_size_out_1_group [add_wave_group const_size_out_1(wire) -into $coutputgroup]
## add_wave /apatb_myproject_top/AESL_inst_myproject/const_size_out_1_ap_vld -into $const_size_out_1_group -color #ffff00 -radix hex
## add_wave /apatb_myproject_top/AESL_inst_myproject/const_size_out_1 -into $const_size_out_1_group -radix hex
## set const_size_in_1_group [add_wave_group const_size_in_1(wire) -into $coutputgroup]
## add_wave /apatb_myproject_top/AESL_inst_myproject/const_size_in_1_ap_vld -into $const_size_in_1_group -color #ffff00 -radix hex
## add_wave /apatb_myproject_top/AESL_inst_myproject/const_size_in_1 -into $const_size_in_1_group -radix hex
## set layer2_out_group [add_wave_group layer2_out(wire) -into $coutputgroup]
## add_wave /apatb_myproject_top/AESL_inst_myproject/layer2_out_3_V_ap_vld -into $layer2_out_group -color #ffff00 -radix hex
## add_wave /apatb_myproject_top/AESL_inst_myproject/layer2_out_3_V -into $layer2_out_group -radix hex
## add_wave /apatb_myproject_top/AESL_inst_myproject/layer2_out_2_V_ap_vld -into $layer2_out_group -color #ffff00 -radix hex
## add_wave /apatb_myproject_top/AESL_inst_myproject/layer2_out_2_V -into $layer2_out_group -radix hex
## add_wave /apatb_myproject_top/AESL_inst_myproject/layer2_out_1_V_ap_vld -into $layer2_out_group -color #ffff00 -radix hex
## add_wave /apatb_myproject_top/AESL_inst_myproject/layer2_out_1_V -into $layer2_out_group -radix hex
## add_wave /apatb_myproject_top/AESL_inst_myproject/layer2_out_0_V_ap_vld -into $layer2_out_group -color #ffff00 -radix hex
## add_wave /apatb_myproject_top/AESL_inst_myproject/layer2_out_0_V -into $layer2_out_group -radix hex
## set cinputgroup [add_wave_group "C Inputs" -into $designtopgroup]
## set dense_1_input_group [add_wave_group dense_1_input(wire) -into $cinputgroup]
## add_wave /apatb_myproject_top/AESL_inst_myproject/dense_1_input_V -into $dense_1_input_group -radix hex
## add_wave /apatb_myproject_top/AESL_inst_myproject/dense_1_input_V_ap_vld -into $dense_1_input_group -color #ffff00 -radix hex
## set blocksiggroup [add_wave_group "Block-level IO Handshake" -into $designtopgroup]
## add_wave /apatb_myproject_top/AESL_inst_myproject/ap_start -into $blocksiggroup
## add_wave /apatb_myproject_top/AESL_inst_myproject/ap_done -into $blocksiggroup
## add_wave /apatb_myproject_top/AESL_inst_myproject/ap_idle -into $blocksiggroup
## add_wave /apatb_myproject_top/AESL_inst_myproject/ap_ready -into $blocksiggroup
## set resetgroup [add_wave_group "Reset" -into $designtopgroup]
## add_wave /apatb_myproject_top/AESL_inst_myproject/ap_rst -into $resetgroup
## set clockgroup [add_wave_group "Clock" -into $designtopgroup]
## add_wave /apatb_myproject_top/AESL_inst_myproject/ap_clk -into $clockgroup
## set testbenchgroup [add_wave_group "Test Bench Signals"]
## set tbinternalsiggroup [add_wave_group "Internal Signals" -into $testbenchgroup]
## set tb_simstatus_group [add_wave_group "Simulation Status" -into $tbinternalsiggroup]
## set tb_portdepth_group [add_wave_group "Port Depth" -into $tbinternalsiggroup]
## add_wave /apatb_myproject_top/AUTOTB_TRANSACTION_NUM -into $tb_simstatus_group -radix hex
## add_wave /apatb_myproject_top/ready_cnt -into $tb_simstatus_group -radix hex
## add_wave /apatb_myproject_top/done_cnt -into $tb_simstatus_group -radix hex
## add_wave /apatb_myproject_top/LENGTH_dense_1_input_V -into $tb_portdepth_group -radix hex
## add_wave /apatb_myproject_top/LENGTH_layer2_out_0_V -into $tb_portdepth_group -radix hex
## add_wave /apatb_myproject_top/LENGTH_layer2_out_1_V -into $tb_portdepth_group -radix hex
## add_wave /apatb_myproject_top/LENGTH_layer2_out_2_V -into $tb_portdepth_group -radix hex
## add_wave /apatb_myproject_top/LENGTH_layer2_out_3_V -into $tb_portdepth_group -radix hex
## add_wave /apatb_myproject_top/LENGTH_const_size_in_1 -into $tb_portdepth_group -radix hex
## add_wave /apatb_myproject_top/LENGTH_const_size_out_1 -into $tb_portdepth_group -radix hex
## set tbcoutputgroup [add_wave_group "C Outputs" -into $testbenchgroup]
## set tb_const_size_out_1_group [add_wave_group const_size_out_1(wire) -into $tbcoutputgroup]
## add_wave /apatb_myproject_top/const_size_out_1_ap_vld -into $tb_const_size_out_1_group -color #ffff00 -radix hex
## add_wave /apatb_myproject_top/const_size_out_1 -into $tb_const_size_out_1_group -radix hex
## set tb_const_size_in_1_group [add_wave_group const_size_in_1(wire) -into $tbcoutputgroup]
## add_wave /apatb_myproject_top/const_size_in_1_ap_vld -into $tb_const_size_in_1_group -color #ffff00 -radix hex
## add_wave /apatb_myproject_top/const_size_in_1 -into $tb_const_size_in_1_group -radix hex
## set tb_layer2_out_group [add_wave_group layer2_out(wire) -into $tbcoutputgroup]
## add_wave /apatb_myproject_top/layer2_out_3_V_ap_vld -into $tb_layer2_out_group -color #ffff00 -radix hex
## add_wave /apatb_myproject_top/layer2_out_3_V -into $tb_layer2_out_group -radix hex
## add_wave /apatb_myproject_top/layer2_out_2_V_ap_vld -into $tb_layer2_out_group -color #ffff00 -radix hex
## add_wave /apatb_myproject_top/layer2_out_2_V -into $tb_layer2_out_group -radix hex
## add_wave /apatb_myproject_top/layer2_out_1_V_ap_vld -into $tb_layer2_out_group -color #ffff00 -radix hex
## add_wave /apatb_myproject_top/layer2_out_1_V -into $tb_layer2_out_group -radix hex
## add_wave /apatb_myproject_top/layer2_out_0_V_ap_vld -into $tb_layer2_out_group -color #ffff00 -radix hex
## add_wave /apatb_myproject_top/layer2_out_0_V -into $tb_layer2_out_group -radix hex
## set tbcinputgroup [add_wave_group "C Inputs" -into $testbenchgroup]
## set tb_dense_1_input_group [add_wave_group dense_1_input(wire) -into $tbcinputgroup]
## add_wave /apatb_myproject_top/dense_1_input_V -into $tb_dense_1_input_group -radix hex
## add_wave /apatb_myproject_top/dense_1_input_V_ap_vld -into $tb_dense_1_input_group -color #ffff00 -radix hex
## save_wave_config myproject.wcfg
## run all
////////////////////////////////////////////////////////////////////////////////////
// Inter-Transaction Progress: Completed Transaction / Total Transaction
// Intra-Transaction Progress: Measured Latency / Latency Estimation * 100%
//
// RTL Simulation : "Inter-Transaction Progress" ["Intra-Transaction Progress"] @ "Simulation Time"
////////////////////////////////////////////////////////////////////////////////////
// RTL Simulation : 0 / 1 [0.00%] @ "113000"
// RTL Simulation : 1 / 1 [100.00%] @ "138000"
////////////////////////////////////////////////////////////////////////////////////
$finish called at time : 157500 ps : File "/home/li/vivadohls/model_single_dense/hls4ml_prj/myproject_prj/solution1/sim/verilog/myproject.autotb.v" Line 594
## quit
INFO: [Common 17-206] Exiting xsim at Fri Dec 17 12:24:54 2021...
